<?xml version="1.0" encoding="UTF-8"?>
<testsuite xmlns:xsi="http://www.w3.org/2001/XMLSchema-instance" xsi:noNamespaceSchemaLocation="https://maven.apache.org/surefire/maven-surefire-plugin/xsd/surefire-test-report-3.0.xsd" version="3.0" name="org.csystem.SampleTest" time="0.017" tests="1" errors="0" skipped="0" failures="0">
  <properties>
    <property name="java.specification.version" value="21"/>
    <property name="sun.cpu.isalist" value="amd64"/>
    <property name="sun.jnu.encoding" value="Cp1254"/>
    <property name="java.class.path" value="D:\Repositories\Android-Aug-2024\src\Libraries\Kotlin-Java\KIOLib\target\test-classes;D:\Repositories\Android-Aug-2024\src\Libraries\Kotlin-Java\KIOLib\target\classes;C:\Users\Hp\.m2\repository\org\projectlombok\lombok\1.18.34\lombok-1.18.34.jar;C:\Users\Hp\.m2\repository\org\jetbrains\kotlin\kotlin-stdlib-jdk8\2.0.20\kotlin-stdlib-jdk8-2.0.20.jar;C:\Users\Hp\.m2\repository\org\jetbrains\kotlin\kotlin-stdlib\2.0.20\kotlin-stdlib-2.0.20.jar;C:\Users\Hp\.m2\repository\org\jetbrains\annotations\13.0\annotations-13.0.jar;C:\Users\Hp\.m2\repository\org\jetbrains\kotlin\kotlin-stdlib-jdk7\2.0.20\kotlin-stdlib-jdk7-2.0.20.jar;C:\Users\Hp\.m2\repository\org\jetbrains\kotlin\kotlin-test\2.0.20\kotlin-test-2.0.20.jar;"/>
    <property name="java.vm.vendor" value="Oracle Corporation"/>
    <property name="sun.arch.data.model" value="64"/>
    <property name="user.variant" value=""/>
    <property name="java.vendor.url" value="https://java.oracle.com/"/>
    <property name="user.timezone" value="Europe/Istanbul"/>
    <property name="os.name" value="Windows 10"/>
    <property name="java.vm.specification.version" value="21"/>
    <property name="sun.java.launcher" value="SUN_STANDARD"/>
    <property name="user.country" value="US"/>
    <property name="sun.boot.library.path" value="C:\Program Files\Java\jdk-21\bin"/>
    <property name="sun.java.command" value="C:\Users\Hp\AppData\Local\Temp\surefire12147749093546336244\surefirebooter-20241026121835142_3.jar C:\Users\Hp\AppData\Local\Temp\surefire12147749093546336244 2024-10-26T12-18-34_846-jvmRun1 surefire-20241026121835142_1tmp surefire_0-20241026121835142_2tmp"/>
    <property name="jdk.debug" value="release"/>
    <property name="surefire.test.class.path" value="D:\Repositories\Android-Aug-2024\src\Libraries\Kotlin-Java\KIOLib\target\test-classes;D:\Repositories\Android-Aug-2024\src\Libraries\Kotlin-Java\KIOLib\target\classes;C:\Users\Hp\.m2\repository\org\projectlombok\lombok\1.18.34\lombok-1.18.34.jar;C:\Users\Hp\.m2\repository\org\jetbrains\kotlin\kotlin-stdlib-jdk8\2.0.20\kotlin-stdlib-jdk8-2.0.20.jar;C:\Users\Hp\.m2\repository\org\jetbrains\kotlin\kotlin-stdlib\2.0.20\kotlin-stdlib-2.0.20.jar;C:\Users\Hp\.m2\repository\org\jetbrains\annotations\13.0\annotations-13.0.jar;C:\Users\Hp\.m2\repository\org\jetbrains\kotlin\kotlin-stdlib-jdk7\2.0.20\kotlin-stdlib-jdk7-2.0.20.jar;C:\Users\Hp\.m2\repository\org\jetbrains\kotlin\kotlin-test\2.0.20\kotlin-test-2.0.20.jar;"/>
    <property name="sun.cpu.endian" value="little"/>
    <property name="user.home" value="C:\Users\Hp"/>
    <property name="user.language" value="en"/>
    <property name="java.specification.vendor" value="Oracle Corporation"/>
    <property name="java.version.date" value="2023-10-17"/>
    <property name="java.home" value="C:\Program Files\Java\jdk-21"/>
    <property name="file.separator" value="\"/>
    <property name="basedir" value="D:\Repositories\Android-Aug-2024\src\Libraries\Kotlin-Java\KIOLib"/>
    <property name="java.vm.compressedOopsMode" value="Zero based"/>
    <property name="line.separator" value="&#10;"/>
    <property name="java.vm.specification.vendor" value="Oracle Corporation"/>
    <property name="java.specification.name" value="Java Platform API Specification"/>
    <property name="surefire.real.class.path" value="C:\Users\Hp\AppData\Local\Temp\surefire12147749093546336244\surefirebooter-20241026121835142_3.jar"/>
    <property name="user.script" value=""/>
    <property name="sun.management.compiler" value="HotSpot 64-Bit Tiered Compilers"/>
    <property name="java.runtime.version" value="21.0.1+12-LTS-29"/>
    <property name="user.name" value="Hp"/>
    <property name="stdout.encoding" value="Cp1254"/>
    <property name="path.separator" value=";"/>
    <property name="os.version" value="10.0"/>
    <property name="java.runtime.name" value="Java(TM) SE Runtime Environment"/>
    <property name="file.encoding" value="UTF-8"/>
    <property name="java.vm.name" value="Java HotSpot(TM) 64-Bit Server VM"/>
    <property name="localRepository" value="C:\Users\Hp\.m2\repository"/>
    <property name="java.vendor.url.bug" value="https://bugreport.java.com/bugreport/"/>
    <property name="java.io.tmpdir" value="C:\Users\Hp\AppData\Local\Temp\"/>
    <property name="java.version" value="21.0.1"/>
    <property name="user.dir" value="D:\Repositories\Android-Aug-2024\src\Libraries\Kotlin-Java\KIOLib"/>
    <property name="os.arch" value="amd64"/>
    <property name="java.vm.specification.name" value="Java Virtual Machine Specification"/>
    <property name="sun.os.patch.level" value=""/>
    <property name="native.encoding" value="Cp1254"/>
    <property name="java.library.path" value="C:\Program Files\Java\jdk-21\bin;C:\Windows\Sun\Java\bin;C:\Windows\system32;C:\Windows;C:\Program Files (x86)\VMware\VMware Player\bin\;C:\Program Files\Common Files\Oracle\Java\javapath;C:\Windows\system32;C:\Windows;C:\Windows\System32\Wbem;C:\Windows\System32\WindowsPowerShell\v1.0\;C:\Windows\System32\OpenSSH\;C:\Program Files (x86)\Microsoft SQL Server\160\Tools\Binn\;C:\Program Files\Microsoft SQL Server\160\Tools\Binn\;C:\Program Files\Microsoft SQL Server\Client SDK\ODBC\170\Tools\Binn\;C:\Program Files\Microsoft SQL Server\160\DTS\Binn\;C:\Program Files (x86)\Microsoft SQL Server\160\DTS\Binn\;C:\Program Files\Azure Data Studio\bin;C:\Program Files\MongoDB\Server\7.0\bin;C:\Program Files\dotnet\;C:\Program Files (x86)\Windows Kits\10\Windows Performance Toolkit\;C:\Program Files\Java\jdk-21\bin;C:\Program Files\PostgreSQL\16\bin;C:\Users\Hp\Downloads\apache-maven-3.8.8-bin\apache-maven-3.8.8\bin;C:\Users\Hp\Documents\apache-tomcat-9.0.89\bin;C:\Program Files\Git\cmd;C:\Users\Hp\Documents\protoc-3.20.1-win64\bin;C:\Users\Hp\Documents\grpcurl_1.9.1_windows_x86_64;C:\Users\Hp\Downloads\kotlin-compiler-2.0.10\kotlinc\bin;C:\Users\Hp\AppData\Local\Microsoft\WindowsApps;C:\Program Files\JetBrains\IntelliJ IDEA 2024.2.0.1\bin;;C:\Users\Hp\AppData\Local\GitHubDesktop\bin;C:\Program Files\Azure Data Studio\bin;C:\Program Files\JetBrains\GoLand 2024.2\bin;;C:\Users\Hp\sdk\go1.21.3\bin;C:\Users\Hp\AppData\Local\Programs\Microsoft VS Code\bin;C:\Program Files\JetBrains\DataGrip 2023.3.2\bin;;C:\Users\Hp\AppData\Local\Programs\mongosh\;C:\Program Files\MongoDB\Server\7.0\bin;C:\Users\Hp\.dotnet\tools;C:\Program Files\Java\jdk-21\bin;C:\Program Files\PostgreSQL\16\bin;C:\Users\Hp\Downloads\apache-maven-3.8.8-bin\apache-maven-3.8.8\bin;C:\Users\Hp\Documents\apache-tomcat-9.0.89\bin;C:\Users\Hp\Documents\protoc-3.20.1-win64\bin;C:\Users\Hp\Documents\grpcurl_1.9.1_windows_x86_64;C:\Program Files\JetBrains\IntelliJ IDEA Community Edition 2024.1.5\bin;;C:\Users\Hp\Downloads\kotlin-compiler-2.0.10\kotlinc\bin;;C:\Program Files\JetBrains\Writerside 241.18775.101\bin;;C:\Program Files\JetBrains\CLion 2024.2\bin;;."/>
    <property name="java.vm.info" value="mixed mode, sharing"/>
    <property name="stderr.encoding" value="Cp1254"/>
    <property name="java.vendor" value="Oracle Corporation"/>
    <property name="java.vm.version" value="21.0.1+12-LTS-29"/>
    <property name="sun.io.unicode.encoding" value="UnicodeLittle"/>
    <property name="java.class.version" value="65.0"/>
  </properties>
  <testcase name="org.csystem.SampleTest.test()" classname="org.csystem.SampleTest" time="0.0"/>
</testsuite>